#
# There is insufficient memory for the Java Runtime Environment to continue.
# Native memory allocation (malloc) failed to allocate 1048576 bytes for AllocateHeap
# Possible reasons:
#   The system is out of physical RAM or swap space
#   In 32 bit mode, the process size limit was hit
# Possible solutions:
#   Reduce memory load on the system
#   Increase physical memory or swap space
#   Check if swap backing store is full
#   Use 64 bit Java on a 64 bit OS
#   Decrease Java heap size (-Xmx/-Xms)
#   Decrease number of Java threads
#   Decrease Java thread stack sizes (-Xss)
#   Set larger code cache with -XX:ReservedCodeCacheSize=
# This output file may be truncated or incomplete.
#
#  Out of Memory Error (memory/allocation.inline.hpp:61), pid=14428, tid=0x0000000000002468
#
# JRE version:  (8.0) (build )
# Java VM: OpenJDK 64-Bit Server VM (25.71-b00 mixed mode windows-amd64 compressed oops)
# Failed to write core dump. Minidumps are not enabled by default on client versions of Windows
#

---------------  T H R E A D  ---------------

Current thread (0x0000000003002800):  JavaThread "Unknown thread" [_thread_in_vm, id=9320, stack(0x0000000002f00000,0x0000000003000000)]

Stack: [0x0000000002f00000,0x0000000003000000]
[error occurred during error reporting (printing stack bounds), id 0xc0000005]

Native frames: (J=compiled Java code, j=interpreted, Vv=VM code, C=native code)


---------------  P R O C E S S  ---------------

Java Threads: ( => current thread )

Other Threads:

=>0x0000000003002800 (exited) JavaThread "Unknown thread" [_thread_in_vm, id=9320, stack(0x0000000002f00000,0x0000000003000000)]

VM state:not at safepoint (normal execution)

VM Mutex/Monitor currently owned by a thread: None

Heap:
 PSYoungGen      total 38400K, used 665K [0x00000000d5b80000, 0x00000000d8600000, 0x0000000100000000)
  eden space 33280K, 2% used [0x00000000d5b80000,0x00000000d5c26670,0x00000000d7c00000)
  from space 5120K, 0% used [0x00000000d8100000,0x00000000d8100000,0x00000000d8600000)
  to   space 5120K, 0% used [0x00000000d7c00000,0x00000000d7c00000,0x00000000d8100000)
 ParOldGen       total 87552K, used 0K [0x0000000081200000, 0x0000000086780000, 0x00000000d5b80000)
  object space 87552K, 0% used [0x0000000081200000,0x0000000081200000,0x0000000086780000)
 Metaspace       used 777K, capacity 4480K, committed 4480K, reserved 1056768K
  class space    used 74K, capacity 384K, committed 384K, reserved 1048576K

Card table byte_map: [0x00000000124c0000,0x00000000128c0000] byte_map_base: 0x00000000120b7000

Marking Bits: (ParMarkBitMap*) 0x000000006146be50
 Begin Bits: [0x0000000013870000, 0x0000000015828000)
 End Bits:   [0x0000000015828000, 0x00000000177e0000)

Polling page: 0x0000000000de0000

CodeCache: size=245760Kb used=327Kb max_used=327Kb free=245432Kb
 bounds [0x0000000003100000, 0x0000000003370000, 0x0000000012100000]
 total_blobs=56 nmethods=0 adapters=38
 compilation: enabled

Compilation events (0 events):
No events

GC Heap History (0 events):
No events

Deoptimization events (0 events):
No events

Classes redefined (0 events):
No events

Internal exceptions (0 events):
No events

Events (10 events):
Event: 0.017 loading class java/lang/Short
Event: 0.018 loading class java/lang/Short done
Event: 0.018 loading class java/lang/Integer
Event: 0.018 loading class java/lang/Integer done
Event: 0.018 loading class java/lang/Long
Event: 0.018 loading class java/lang/Long done
Event: 0.018 loading class java/lang/NullPointerException
Event: 0.018 loading class java/lang/NullPointerException done
Event: 0.018 loading class java/lang/ArithmeticException
Event: 0.018 loading class java/lang/ArithmeticException done


Dynamic libraries:
0x00007ff668080000 - 0x00007ff6680b5000 	C:\Program Files\Unity\Hub\Editor\2021.3.22f1\Editor\Data\PlaybackEngines\AndroidPlayer\OpenJDK\bin\java.exe
0x00007ffd9eb50000 - 0x00007ffd9ed48000 	C:\WINDOWS\SYSTEM32\ntdll.dll
0x00007ffd9e320000 - 0x00007ffd9e3df000 	C:\WINDOWS\System32\KERNEL32.DLL
0x00007ffd9c330000 - 0x00007ffd9c602000 	C:\WINDOWS\System32\KERNELBASE.dll
0x00007ffd9d980000 - 0x00007ffd9da2e000 	C:\WINDOWS\System32\ADVAPI32.dll
0x00007ffd9d6b0000 - 0x00007ffd9d74e000 	C:\WINDOWS\System32\msvcrt.dll
0x00007ffd9def0000 - 0x00007ffd9df8c000 	C:\WINDOWS\System32\sechost.dll
0x00007ffd9df90000 - 0x00007ffd9e0b5000 	C:\WINDOWS\System32\RPCRT4.dll
0x00007ffd9e170000 - 0x00007ffd9e311000 	C:\WINDOWS\System32\USER32.dll
0x00007ffd9c300000 - 0x00007ffd9c322000 	C:\WINDOWS\System32\win32u.dll
0x00007ffd9dd90000 - 0x00007ffd9ddbb000 	C:\WINDOWS\System32\GDI32.dll
0x00007ffd9ca90000 - 0x00007ffd9cb9f000 	C:\WINDOWS\System32\gdi32full.dll
0x00007ffd9c790000 - 0x00007ffd9c82d000 	C:\WINDOWS\System32\msvcp_win.dll
0x00007ffd9c690000 - 0x00007ffd9c790000 	C:\WINDOWS\System32\ucrtbase.dll
0x00007ffd896d0000 - 0x00007ffd8996a000 	C:\WINDOWS\WinSxS\amd64_microsoft.windows.common-controls_6595b64144ccf1df_6.0.19041.1110_none_60b5254171f9507e\COMCTL32.dll
0x00007ffd9e0c0000 - 0x00007ffd9e0f0000 	C:\WINDOWS\System32\IMM32.DLL
0x0000000061a10000 - 0x0000000061ae2000 	C:\Program Files\Unity\Hub\Editor\2021.3.22f1\Editor\Data\PlaybackEngines\AndroidPlayer\OpenJDK\jre\bin\msvcr100.dll
0x0000000060ca0000 - 0x00000000614e9000 	C:\Program Files\Unity\Hub\Editor\2021.3.22f1\Editor\Data\PlaybackEngines\AndroidPlayer\OpenJDK\jre\bin\server\jvm.dll
0x00007ffd9ddc0000 - 0x00007ffd9ddc8000 	C:\WINDOWS\System32\PSAPI.DLL
0x00007ffd95790000 - 0x00007ffd9579a000 	C:\WINDOWS\SYSTEM32\VERSION.dll
0x00007ffd81060000 - 0x00007ffd81069000 	C:\WINDOWS\SYSTEM32\WSOCK32.dll
0x00007ffd93470000 - 0x00007ffd93497000 	C:\WINDOWS\SYSTEM32\WINMM.dll
0x00007ffd9ddd0000 - 0x00007ffd9de3b000 	C:\WINDOWS\System32\WS2_32.dll
0x00007ffd937d0000 - 0x00007ffd937df000 	C:\Program Files\Unity\Hub\Editor\2021.3.22f1\Editor\Data\PlaybackEngines\AndroidPlayer\OpenJDK\jre\bin\verify.dll
0x00007ffd937a0000 - 0x00007ffd937c9000 	C:\Program Files\Unity\Hub\Editor\2021.3.22f1\Editor\Data\PlaybackEngines\AndroidPlayer\OpenJDK\jre\bin\java.dll
0x00007ffd8cd30000 - 0x00007ffd8cd46000 	C:\Program Files\Unity\Hub\Editor\2021.3.22f1\Editor\Data\PlaybackEngines\AndroidPlayer\OpenJDK\jre\bin\zip.dll

VM Arguments:
jvm_args: -Dfile.encoding=UTF-8 
java_command: <unknown>
java_class_path (initial): .
Launcher Type: SUN_STANDARD

Environment Variables:
JAVA_TOOL_OPTIONS=-Dfile.encoding=UTF-8
PATH=C:\WINDOWS\system32;C:\WINDOWS;C:\WINDOWS\System32\Wbem;C:\WINDOWS\System32\WindowsPowerShell\v1.0\;C:\WINDOWS\System32\OpenSSH\;C:\Program Files\Microsoft SQL Server\130\Tools\Binn\;C:\Program Files\Git\cmd;C:\Program Files\dotnet\;C:\Program Files\NVIDIA Corporation\NVIDIA NvDLISR;C:\Program Files\WireGuard\;%SystemRoot%\system32;%SystemRoot%;%SystemRoot%\System32\Wbem;%SYSTEMROOT%\System32\WindowsPowerShell\v1.0\;%SYSTEMROOT%\System32\OpenSSH\;C:\Users\User\AppData\Local\Microsoft\WindowsApps;C:\Users\User\AppData\Local\Programs\Microsoft VS Code\bin;C:\Users\User\.dotnet\tools;C:\mingw64\bin;C:\Users\User\AppData\Local\GitHubDesktop\bin
USERNAME=User
OS=Windows_NT
PROCESSOR_IDENTIFIER=AMD64 Family 23 Model 1 Stepping 1, AuthenticAMD



---------------  S Y S T E M  ---------------

OS: Windows 10.0 , 64 bit Build 19041 (10.0.19041.2546)

CPU:total 16 (initial active 16) (16 cores per cpu, 1 threads per core) family 23 model 1 stepping 1, cmov, cx8, fxsr, mmx, sse, sse2, sse3, ssse3, sse4.1, sse4.2, popcnt, avx, avx2, aes, clmul, mmxext, 3dnowpref, lzcnt, sse4a, tsc, tscinvbit, tscinv, bmi1

Memory: 4k page, physical 8313212k(1711324k free), swap 10410364k(5760k free)

vm_info: OpenJDK 64-Bit Server VM (25.71-b00) for windows-amd64 JRE (1.8.0-adoptopenjdk-_2018_05_19_00_59-b00), built on May 19 2018 01:02:12 by "jenkins" with MS VC++ 10.0 (VS2010)

time: Sat Apr 15 19:02:26 2023
elapsed time: 0 seconds (0d 0h 0m 0s)

